[2013-10-11 12:10:38,734]  INFO {org.wso2.carbon.server.util.PatchUtils} -  Checking for patch changes ...
[2013-10-11 12:10:38,736]  INFO {org.wso2.carbon.server.util.PatchUtils} -  New patch available - patch0001
[2013-10-11 12:10:38,736]  INFO {org.wso2.carbon.server.extensions.PatchInstaller} -  Patch changes detected 
[2013-10-11 12:10:38,984]  INFO {org.wso2.carbon.server.util.PatchUtils} -  Backed up plugins to patch0000
[2013-10-11 12:10:38,984]  INFO {org.wso2.carbon.server.util.PatchUtils} -  Applying patches ...
[2013-10-11 12:10:38,984]  INFO {org.wso2.carbon.server.util.PatchUtils} -  Applying - patch0001
[2013-10-11 12:10:40,729]  INFO {org.wso2.carbon.server.util.PatchUtils} -  Patched axis2_1.6.1.wso2v10.jar(MD5:480273a2f9d8936bd139326382be4e05)
[2013-10-11 12:10:40,731]  INFO {org.wso2.carbon.server.util.PatchUtils} -  Patched org.wso2.carbon.application.deployer_4.2.0.jar(MD5:f9303551d82f7d39ddc548ffd3256b36)
[2013-10-11 12:10:40,733]  INFO {org.wso2.carbon.server.util.PatchUtils} -  Patched org.wso2.carbon.server.admin_4.2.0.jar(MD5:3e391687c2f52b24d36d1e5fdfb5be20)
[2013-10-11 12:10:40,735]  INFO {org.wso2.carbon.server.util.PatchUtils} -  Patched org.wso2.carbon.tomcat.ext_4.2.0.jar(MD5:34bcc5a2a6a1eb75a3cab9365180ad4e)
[2013-10-11 12:10:40,739]  INFO {org.wso2.carbon.server.util.PatchUtils} -  Patched httpcore_4.3.0.wso2v1.jar(MD5:1155546ddd7eef9afb66d3f0642ac78b)
[2013-10-11 12:10:40,747]  INFO {org.wso2.carbon.server.util.PatchUtils} -  Patched org.wso2.carbon.registry.core_4.2.0.jar(MD5:4f38eebdf7b498251e9f151a609d8203)
[2013-10-11 12:10:40,752]  INFO {org.wso2.carbon.server.util.PatchUtils} -  Patched org.wso2.carbon.user.core_4.2.0.jar(MD5:8f64502446e2a4009ff3aeb9b629a3b8)
[2013-10-11 12:10:40,766]  INFO {org.wso2.carbon.server.util.PatchUtils} -  Patched org.wso2.carbon.core_4.2.0.jar(MD5:7efefd455225ec9ce0e732ee0f2cf131)
[2013-10-11 12:10:40,768]  INFO {org.wso2.carbon.server.util.PatchUtils} -  Patched javax.cache.wso2_4.2.0.jar(MD5:4b1a2a513d0cf250166a93e226717758)
[2013-10-11 12:10:40,770]  INFO {org.wso2.carbon.server.util.PatchUtils} -  Patched org.wso2.carbon.tomcat_4.2.0.jar(MD5:d3adcf3c528b2d33927b7a93f3979758)
[2013-10-11 12:10:40,772]  INFO {org.wso2.carbon.server.util.PatchUtils} -  Patched org.wso2.carbon.core.services._4.2.0.jar(MD5:d96349aa0b384128479b6276eff94385)
[2013-10-11 12:10:40,779]  INFO {org.wso2.carbon.server.util.PatchUtils} -  Patched org.wso2.carbon.utils_4.2.0.jar(MD5:daa177fe235d9430abd57f9d8fa0a2c0)
[2013-10-11 12:10:40,791]  INFO {org.wso2.carbon.server.util.PatchUtils} -  Patched axiom_1.2.11.wso2v4.jar(MD5:f52b419b2add80fd2d1f9614856c16c1)
[2013-10-11 12:10:40,813]  INFO {org.wso2.carbon.server.util.PatchUtils} -  Patch verification started
[2013-10-11 12:10:40,990]  INFO {org.wso2.carbon.server.util.PatchUtils} -  Patch verification successfully completed without encountering any issues
